p:\homework_2\x64\debug\vc143.pdb
p:\homework_2\x64\debug\vc143.idb
p:\homework_2\x64\debug\suppliermanager.obj
p:\homework_2\x64\debug\supplier.obj
p:\homework_2\x64\debug\supermarketmanager.obj
p:\homework_2\x64\debug\supermarket.obj
p:\homework_2\x64\debug\productmanager.obj
p:\homework_2\x64\debug\product.obj
p:\homework_2\x64\debug\main.obj
p:\homework_2\x64\debug\exe.obj
p:\homework_2\x64\debug\date.obj
p:\homework_2\x64\debug\arrays.obj
p:\homework_2\x64\debug\address.obj
p:\homework_2\x64\debug\homework_2.exe
p:\homework_2\x64\debug\homework_2.ilk
p:\homework_2\x64\debug\homework_2.pdb
p:\homework_2\x64\debug\homework_2.tlog\cl.command.1.tlog
p:\homework_2\x64\debug\homework_2.tlog\cl.items.tlog
p:\homework_2\x64\debug\homework_2.tlog\cl.read.1.tlog
p:\homework_2\x64\debug\homework_2.tlog\cl.write.1.tlog
p:\homework_2\x64\debug\homework_2.tlog\link.command.1.tlog
p:\homework_2\x64\debug\homework_2.tlog\link.read.1.tlog
p:\homework_2\x64\debug\homework_2.tlog\link.write.1.tlog
